e:\seng330\gympesickav00807592\gympesickav00807592\release\gympesickav00807592.pch
e:\seng330\gympesickav00807592\gympesickav00807592\release\vc140.pdb
e:\seng330\gympesickav00807592\gympesickav00807592\release\stdafx.obj
e:\seng330\gympesickav00807592\gympesickav00807592\release\gympesickav00807592.obj
e:\seng330\gympesickav00807592\release\gympesickav00807592.exe
e:\seng330\gympesickav00807592\release\gympesickav00807592.ipdb
e:\seng330\gympesickav00807592\release\gympesickav00807592.iobj
e:\seng330\gympesickav00807592\release\gympesickav00807592.pdb
c:\users\alexis\documents\github\seng330assignment2\gympesickav00807592\gympesickav00807592\release\gympesickav00807592.obj
c:\users\alexis\documents\github\seng330assignment2\gympesickav00807592\gympesickav00807592\release\stdafx.obj
c:\users\alexis\documents\github\seng330assignment2\gympesickav00807592\gympesickav00807592\release\gympesickav00807592.pch
c:\users\alexis\documents\github\seng330assignment2\gympesickav00807592\gympesickav00807592\release\vc140.pdb
c:\users\alexis\documents\github\seng330assignment2\gympesickav00807592\release\gympesickav00807592.pdb
c:\users\alexis\documents\github\seng330assignment2\gympesickav00807592\release\gympesickav00807592.exe
c:\users\alexis\documents\github\seng330assignment2\gympesickav00807592\gympesickav00807592\release\gympesic.b9915ce9.tlog\cl.command.1.tlog
c:\users\alexis\documents\github\seng330assignment2\gympesickav00807592\gympesickav00807592\release\gympesic.b9915ce9.tlog\cl.read.1.tlog
c:\users\alexis\documents\github\seng330assignment2\gympesickav00807592\gympesickav00807592\release\gympesic.b9915ce9.tlog\cl.write.1.tlog
c:\users\alexis\documents\github\seng330assignment2\gympesickav00807592\gympesickav00807592\release\gympesic.b9915ce9.tlog\link.command.1.tlog
c:\users\alexis\documents\github\seng330assignment2\gympesickav00807592\gympesickav00807592\release\gympesic.b9915ce9.tlog\link.read.1.tlog
c:\users\alexis\documents\github\seng330assignment2\gympesickav00807592\gympesickav00807592\release\gympesic.b9915ce9.tlog\link.write.1.tlog
